<?xml version="1.0" encoding="UTF-8"?>
<testng-results skipped="0" failed="0" total="1" passed="1">
  <reporter-output>
  </reporter-output>
  <suite name="Default suite" duration-ms="14146" started-at="2019-09-05T15:30:38Z" finished-at="2019-09-05T15:30:52Z">
    <groups>
    </groups>
    <test name="Default test" duration-ms="14146" started-at="2019-09-05T15:30:38Z" finished-at="2019-09-05T15:30:52Z">
      <class name="BasicSelenium.Flipkart1">
        <test-method status="PASS" signature="test1()[pri:0, instance:BasicSelenium.Flipkart1@9629756]" name="test1" duration-ms="14117" started-at="2019-09-05T21:00:38Z" finished-at="2019-09-05T21:00:52Z">
          <reporter-output>
          </reporter-output>
        </test-method> <!-- test1 -->
      </class> <!-- BasicSelenium.Flipkart1 -->
    </test> <!-- Default test -->
  </suite> <!-- Default suite -->
</testng-results>
