<?xml version="1.0" encoding="UTF-8"?>
<!-- Generated by org.testng.reporters.JUnitXMLReporter -->
<testsuite hostname="Rohit" name="Test" tests="4" failures="0" timestamp="3 Sep 2019 14:58:28 GMT" time="361.369" errors="0">
  <testcase name="bookAflight" time="139.315" classname="Assignment_Practice.Psngr1_round"/>
  <testcase name="bookAflight" time="76.133" classname="Assignment_Practice.Psngr4_round"/>
  <testcase name="bookAflight" time="94.18" classname="Assignment_Practice.Psngr1_oneway"/>
  <testcase name="bookAflight" time="51.709" classname="Assignment_Practice.Psngr2_oneway"/>
</testsuite> <!-- Test -->
