<?xml version="1.0" encoding="UTF-8"?>
<!-- Generated by org.testng.reporters.JUnitXMLReporter -->
<testsuite hostname="Rohit" name="CAS" tests="6" failures="0" timestamp="26 Aug 2019 15:50:55 GMT" time="0.029" errors="0">
  <testcase name="test1" time="0.002" classname="BasicAnnotations2.TestClass4"/>
  <testcase name="test2" time="0.0" classname="BasicAnnotations2.TestClass4"/>
  <testcase name="test3" time="0.002" classname="BasicAnnotations2.TestClass4"/>
  <testcase name="test1" time="0.002" classname="BasicAnnotations2.TestClass5"/>
  <testcase name="test2" time="0.002" classname="BasicAnnotations2.TestClass5"/>
  <testcase name="test3" time="0.003" classname="BasicAnnotations2.TestClass5"/>
</testsuite> <!-- CAS -->
