<?xml version="1.0" encoding="UTF-8"?>
<!-- Generated by org.testng.reporters.JUnitXMLReporter -->
<testsuite hostname="Rohit" name="SFDC" tests="5" failures="0" timestamp="26 Aug 2019 15:50:55 GMT" time="0.063" errors="0">
  <testcase name="test1" time="0.015" classname="BasicAnnotations2.TestClass2"/>
  <testcase name="test3" time="0.0" classname="BasicAnnotations2.TestClass2"/>
  <testcase name="test1" time="0.0" classname="BasicAnnotations2.TestClass3"/>
  <testcase name="test2" time="0.0" classname="BasicAnnotations2.TestClass3"/>
  <testcase name="test3" time="0.0" classname="BasicAnnotations2.TestClass3"/>
</testsuite> <!-- SFDC -->
