<?xml version="1.0" encoding="UTF-8"?>
<testng-results skipped="0" failed="0" total="8" passed="8">
  <reporter-output>
  </reporter-output>
  <suite name="Default suite" duration-ms="92971" started-at="2019-09-03T16:04:04Z" finished-at="2019-09-03T16:05:37Z">
    <groups>
    </groups>
    <test name="Default test" duration-ms="92971" started-at="2019-09-03T16:04:04Z" finished-at="2019-09-03T16:05:37Z">
      <class name="BasicSelenium.Firstseleniumcls">
        <test-method status="PASS" signature="login(java.lang.String, java.lang.String)[pri:0, instance:BasicSelenium.Firstseleniumcls@51081592]" name="login" duration-ms="12530" started-at="2019-09-03T21:34:05Z" data-provider="getData" finished-at="2019-09-03T21:34:17Z">
          <params>
            <param index="0">
              <value>
                <![CDATA[mercury]]>
              </value>
            </param>
            <param index="1">
              <value>
                <![CDATA[mercury]]>
              </value>
            </param>
          </params>
          <reporter-output>
          </reporter-output>
        </test-method> <!-- login -->
        <test-method status="PASS" signature="login(java.lang.String, java.lang.String)[pri:0, instance:BasicSelenium.Firstseleniumcls@51081592]" name="login" duration-ms="11533" started-at="2019-09-03T21:34:17Z" data-provider="getData" finished-at="2019-09-03T21:34:29Z">
          <params>
            <param index="0">
              <value>
                <![CDATA[mercury]]>
              </value>
            </param>
            <param index="1">
              <value>
                <![CDATA[mercury]]>
              </value>
            </param>
          </params>
          <reporter-output>
          </reporter-output>
        </test-method> <!-- login -->
        <test-method status="PASS" signature="login(java.lang.String, java.lang.String)[pri:0, instance:BasicSelenium.Firstseleniumcls@51081592]" name="login" duration-ms="11429" started-at="2019-09-03T21:34:29Z" data-provider="getData" finished-at="2019-09-03T21:34:40Z">
          <params>
            <param index="0">
              <value>
                <![CDATA[mercury]]>
              </value>
            </param>
            <param index="1">
              <value>
                <![CDATA[mercury]]>
              </value>
            </param>
          </params>
          <reporter-output>
          </reporter-output>
        </test-method> <!-- login -->
        <test-method status="PASS" signature="login(java.lang.String, java.lang.String)[pri:0, instance:BasicSelenium.Firstseleniumcls@51081592]" name="login" duration-ms="11357" started-at="2019-09-03T21:34:40Z" data-provider="getData" finished-at="2019-09-03T21:34:52Z">
          <params>
            <param index="0">
              <value>
                <![CDATA[mercury]]>
              </value>
            </param>
            <param index="1">
              <value>
                <![CDATA[mercury]]>
              </value>
            </param>
          </params>
          <reporter-output>
          </reporter-output>
        </test-method> <!-- login -->
        <test-method status="PASS" signature="login(java.lang.String, java.lang.String)[pri:0, instance:BasicSelenium.Firstseleniumcls@51081592]" name="login" duration-ms="11331" started-at="2019-09-03T21:34:52Z" data-provider="getData" finished-at="2019-09-03T21:35:03Z">
          <params>
            <param index="0">
              <value>
                <![CDATA[mercury]]>
              </value>
            </param>
            <param index="1">
              <value>
                <![CDATA[mercury]]>
              </value>
            </param>
          </params>
          <reporter-output>
          </reporter-output>
        </test-method> <!-- login -->
        <test-method status="PASS" signature="login(java.lang.String, java.lang.String)[pri:0, instance:BasicSelenium.Firstseleniumcls@51081592]" name="login" duration-ms="11634" started-at="2019-09-03T21:35:03Z" data-provider="getData" finished-at="2019-09-03T21:35:15Z">
          <params>
            <param index="0">
              <value>
                <![CDATA[mercury]]>
              </value>
            </param>
            <param index="1">
              <value>
                <![CDATA[mercury]]>
              </value>
            </param>
          </params>
          <reporter-output>
          </reporter-output>
        </test-method> <!-- login -->
        <test-method status="PASS" signature="login(java.lang.String, java.lang.String)[pri:0, instance:BasicSelenium.Firstseleniumcls@51081592]" name="login" duration-ms="11307" started-at="2019-09-03T21:35:15Z" data-provider="getData" finished-at="2019-09-03T21:35:26Z">
          <params>
            <param index="0">
              <value>
                <![CDATA[mercury]]>
              </value>
            </param>
            <param index="1">
              <value>
                <![CDATA[mercury]]>
              </value>
            </param>
          </params>
          <reporter-output>
          </reporter-output>
        </test-method> <!-- login -->
        <test-method status="PASS" signature="login(java.lang.String, java.lang.String)[pri:0, instance:BasicSelenium.Firstseleniumcls@51081592]" name="login" duration-ms="11350" started-at="2019-09-03T21:35:26Z" data-provider="getData" finished-at="2019-09-03T21:35:37Z">
          <params>
            <param index="0">
              <value>
                <![CDATA[mercury]]>
              </value>
            </param>
            <param index="1">
              <value>
                <![CDATA[mercury]]>
              </value>
            </param>
          </params>
          <reporter-output>
          </reporter-output>
        </test-method> <!-- login -->
      </class> <!-- BasicSelenium.Firstseleniumcls -->
    </test> <!-- Default test -->
  </suite> <!-- Default suite -->
</testng-results>
