<?xml version="1.0" encoding="UTF-8"?>
<!-- Generated by org.testng.reporters.JUnitXMLReporter -->
<testsuite hostname="Rohit" name="Default test" tests="8" failures="0" timestamp="3 Sep 2019 16:05:37 GMT" time="92.971" errors="0">
  <testcase name="login" time="12.53" classname="BasicSelenium.Firstseleniumcls"/>
  <testcase name="login" time="11.533" classname="BasicSelenium.Firstseleniumcls"/>
  <testcase name="login" time="11.429" classname="BasicSelenium.Firstseleniumcls"/>
  <testcase name="login" time="11.357" classname="BasicSelenium.Firstseleniumcls"/>
  <testcase name="login" time="11.331" classname="BasicSelenium.Firstseleniumcls"/>
  <testcase name="login" time="11.634" classname="BasicSelenium.Firstseleniumcls"/>
  <testcase name="login" time="11.307" classname="BasicSelenium.Firstseleniumcls"/>
  <testcase name="login" time="11.35" classname="BasicSelenium.Firstseleniumcls"/>
</testsuite> <!-- Default test -->
