<?xml version="1.0" encoding="UTF-8"?>
<!-- Generated by org.testng.reporters.JUnitXMLReporter -->
<testsuite hostname="Rohit" name="Default test" tests="3" failures="0" timestamp="26 Aug 2019 15:30:54 GMT" time="0.047" errors="0">
  <testcase name="test1" time="0.016" classname="BasicAnnotations2.TestClass2"/>
  <testcase name="test2" time="0.0" classname="BasicAnnotations2.TestClass2"/>
  <testcase name="test3" time="0.0" classname="BasicAnnotations2.TestClass2"/>
</testsuite> <!-- Default test -->
