<?xml version="1.0" encoding="UTF-8"?>
<!-- Generated by org.testng.reporters.JUnitXMLReporter -->
<testsuite hostname="Rohit" name="Default test" tests="11" failures="0" timestamp="23 Aug 2019 16:11:06 GMT" time="0.524" errors="0">
  <testcase name="loginTestCase" time="0.016" classname="basicAnotation.TestNGclass1"/>
  <testcase name="loginTestCase" time="0.001" classname="basicAnotation.TestNGclass1"/>
  <testcase name="loginTestCase" time="0.0" classname="basicAnotation.TestNGclass1"/>
  <testcase name="loginTestCase" time="0.0" classname="basicAnotation.TestNGclass1"/>
  <testcase name="loginTestCase" time="0.016" classname="basicAnotation.TestNGclass1"/>
  <testcase name="loginTestCase" time="0.0" classname="basicAnotation.TestNGclass1"/>
  <testcase name="loginTestCase" time="0.015" classname="basicAnotation.TestNGclass1"/>
  <testcase name="loginTestCase" time="0.0" classname="basicAnotation.TestNGclass1"/>
  <testcase name="loginTestCase" time="0.015" classname="basicAnotation.TestNGclass1"/>
  <testcase name="loginTestCase" time="0.0" classname="basicAnotation.TestNGclass1"/>
  <testcase name="loginTestCase" time="0.0" classname="basicAnotation.TestNGclass1"/>
</testsuite> <!-- Default test -->
