<?xml version="1.0" encoding="UTF-8"?>
<testng-results skipped="0" failed="0" total="2" passed="2">
  <reporter-output>
  </reporter-output>
  <suite name="Default suite" duration-ms="144742" started-at="2019-09-11T14:02:36Z" finished-at="2019-09-11T14:05:01Z">
    <groups>
    </groups>
    <test name="Default test" duration-ms="144742" started-at="2019-09-11T14:02:36Z" finished-at="2019-09-11T14:05:01Z">
      <class name="testScripts.TC_BookFlight_OnewayPassenger">
        <test-method status="PASS" signature="login()[pri:0, instance:testScripts.TC_BookFlight_OnewayPassenger@1593948d]" name="login" duration-ms="143280" started-at="2019-09-11T19:32:36Z" finished-at="2019-09-11T19:34:59Z">
          <reporter-output>
          </reporter-output>
        </test-method> <!-- login -->
        <test-method status="PASS" signature="bookAflight()[pri:0, instance:testScripts.TC_BookFlight_OnewayPassenger@1593948d]" name="bookAflight" duration-ms="1409" started-at="2019-09-11T19:34:59Z" depends-on-methods="testScripts.TC_BookFlight_OnewayPassenger.login" finished-at="2019-09-11T19:35:01Z">
          <reporter-output>
          </reporter-output>
        </test-method> <!-- bookAflight -->
      </class> <!-- testScripts.TC_BookFlight_OnewayPassenger -->
    </test> <!-- Default test -->
  </suite> <!-- Default suite -->
</testng-results>
