<?xml version="1.0" encoding="UTF-8"?>
<testng-results skipped="0" failed="0" total="1" passed="1">
  <reporter-output>
  </reporter-output>
  <suite name="Default suite" duration-ms="14365" started-at="2019-09-09T16:10:47Z" finished-at="2019-09-09T16:11:02Z">
    <groups>
    </groups>
    <test name="Default test" duration-ms="14365" started-at="2019-09-09T16:10:47Z" finished-at="2019-09-09T16:11:02Z">
      <class name="testScripts.TC_BookFlight_OnewayPassenger">
        <test-method status="PASS" signature="script()[pri:0, instance:testScripts.TC_BookFlight_OnewayPassenger@5034c75a]" name="script" duration-ms="14349" started-at="2019-09-09T21:40:47Z" finished-at="2019-09-09T21:41:02Z">
          <reporter-output>
          </reporter-output>
        </test-method> <!-- script -->
      </class> <!-- testScripts.TC_BookFlight_OnewayPassenger -->
    </test> <!-- Default test -->
  </suite> <!-- Default suite -->
</testng-results>
